<?xml version="1.0" encoding="UTF-8"?>
<!-- Generated by org.testng.reporters.JUnitXMLReporter -->
<testsuite hostname="tempbuddy-HP" name="assignments-icon-open-start-soon" tests="1" failures="1" timestamp="31 Aug 2015 09:06:11 GMT" time="42.483" errors="0">
  <testcase name="assignmentsIcon" time="42.481" classname="TBR.FunctionalTestcases.AssignmentsIcon">
    <failure type="java.lang.IllegalArgumentException" message="Cannot find elements when the XPath expression is null.">
      <![CDATA[java.lang.IllegalArgumentException: Cannot find elements when the XPath expression is null.
	at org.openqa.selenium.By.xpath(By.java:113)
	at TBR.TestBase.TestBase.getObjectText(TestBase.java:121)
	at TBR.FunctionalTestcases.AssignmentsIcon.assignmentsIcon(AssignmentsIcon.java:30)
... Removed 24 stack frames]]>
    </failure>
  </testcase> <!-- assignmentsIcon -->
</testsuite> <!-- assignments-icon-open-start-soon -->
