<?xml version="1.0" encoding="UTF-8"?>
<!-- Generated by org.testng.reporters.JUnitXMLReporter -->
<testsuite hostname="tempbuddy-HP" name="General-Search" tests="1" failures="1" timestamp="20 Jul 2015 15:17:36 GMT" time="12.735" errors="0">
  <testcase name="generalSearch" time="12.717" classname="TBR.FunctionalTestcases.GeneralSearch">
    <failure type="java.lang.AssertionError" message="expected [true] but found [false]">
      <![CDATA[java.lang.AssertionError: expected [true] but found [false]
	at TBR.TestBase.TestBase.assertTrue(TestBase.java:216)
	at TBR.FunctionalTestcases.GeneralSearch.generalSearch(GeneralSearch.java:13)
... Removed 29 stack frames]]>
    </failure>
  </testcase> <!-- generalSearch -->
</testsuite> <!-- General-Search -->
