<?xml version="1.0" encoding="UTF-8"?>
<testng-results skipped="0" failed="1" total="1" passed="0">
  <reporter-output>
  </reporter-output>
  <suite name="Default suite" duration-ms="51228" started-at="2015-09-29T15:52:51Z" finished-at="2015-09-29T15:53:43Z">
    <groups>
    </groups>
    <test name="Default test" duration-ms="51228" started-at="2015-09-29T15:52:51Z" finished-at="2015-09-29T15:53:43Z">
      <class name="TBR.Regression_Testcases.AddNewClient">
        <test-method status="PASS" signature="regressionSuiteBase()[pri:0, instance:TBR.Regression_Testcases.AddNewClient@1e178745]" name="regressionSuiteBase" is-config="true" duration-ms="42" started-at="2015-09-29T16:52:51Z" finished-at="2015-09-29T16:52:51Z">
          <reporter-output>
          </reporter-output>
        </test-method> <!-- regressionSuiteBase -->
        <test-method status="FAIL" signature="addNewClient(java.util.Hashtable)[pri:0, instance:TBR.Regression_Testcases.AddNewClient@1e178745]" name="addNewClient" duration-ms="50966" started-at="2015-09-29T16:52:51Z" data-provider="getAddNewClientData" finished-at="2015-09-29T16:53:42Z">
          <params>
            <param index="0">
              <value>
                <![CDATA[{Extension=1234, AddContactExten=123, PhoneNumber=353899647554, Name=Client28, Address=Parnell Street, Dublin 1 , AddContactPhone=353899657555, ExternalRef=123, runmode=, AddContactAlternativePhone=12345, AddContactEmail=s.padmanabuni@tempbuddy.co, AddContactName=ClientApprover, AddClientAddress=Dublin 1, Parnell Street, CompanyPosition=Project Manager, AddLocationLabel=BaseLocation2, AddContactAlternativePhone1=678910, AddClientsPhones=35381234568}]]>
              </value>
            </param>
          </params>
          <exception class="java.lang.AssertionError">
            <message>
              <![CDATA[expected [clientName] but found [Client28]]]>
            </message>
            <full-stacktrace>
              <![CDATA[java.lang.AssertionError: expected [clientName] but found [Client28]
	at org.testng.Assert.fail(Assert.java:94)
	at org.testng.Assert.failNotEquals(Assert.java:496)
	at org.testng.Assert.assertEquals(Assert.java:125)
	at org.testng.Assert.assertEquals(Assert.java:178)
	at org.testng.Assert.assertEquals(Assert.java:188)
	at TBR.Regression_Testcases.AddNewClient.addNewClient(AddNewClient.java:86)
	at sun.reflect.NativeMethodAccessorImpl.invoke0(Native Method)
	at sun.reflect.NativeMethodAccessorImpl.invoke(Unknown Source)
	at sun.reflect.DelegatingMethodAccessorImpl.invoke(Unknown Source)
	at java.lang.reflect.Method.invoke(Unknown Source)
	at org.testng.internal.MethodInvocationHelper.invokeMethod(MethodInvocationHelper.java:85)
	at org.testng.internal.Invoker.invokeMethod(Invoker.java:659)
	at org.testng.internal.Invoker.invokeTestMethod(Invoker.java:845)
	at org.testng.internal.Invoker.invokeTestMethods(Invoker.java:1153)
	at org.testng.internal.TestMethodWorker.invokeTestMethods(TestMethodWorker.java:125)
	at org.testng.internal.TestMethodWorker.run(TestMethodWorker.java:108)
	at org.testng.TestRunner.privateRun(TestRunner.java:771)
	at org.testng.TestRunner.run(TestRunner.java:621)
	at org.testng.SuiteRunner.runTest(SuiteRunner.java:357)
	at org.testng.SuiteRunner.runSequentially(SuiteRunner.java:352)
	at org.testng.SuiteRunner.privateRun(SuiteRunner.java:310)
	at org.testng.SuiteRunner.run(SuiteRunner.java:259)
	at org.testng.SuiteRunnerWorker.runSuite(SuiteRunnerWorker.java:52)
	at org.testng.SuiteRunnerWorker.run(SuiteRunnerWorker.java:86)
	at org.testng.TestNG.runSuitesSequentially(TestNG.java:1199)
	at org.testng.TestNG.runSuitesLocally(TestNG.java:1124)
	at org.testng.TestNG.run(TestNG.java:1032)
	at org.testng.remote.RemoteTestNG.run(RemoteTestNG.java:111)
	at org.testng.remote.RemoteTestNG.initAndRun(RemoteTestNG.java:204)
	at org.testng.remote.RemoteTestNG.main(RemoteTestNG.java:175)
]]>
            </full-stacktrace>
          </exception> <!-- java.lang.AssertionError -->
          <reporter-output>
          </reporter-output>
        </test-method> <!-- addNewClient -->
        <test-method status="PASS" signature="screenShot()[pri:0, instance:TBR.Regression_Testcases.AddNewClient@1e178745]" name="screenShot" is-config="true" duration-ms="243" started-at="2015-09-29T16:53:42Z" finished-at="2015-09-29T16:53:43Z">
          <reporter-output>
          </reporter-output>
        </test-method> <!-- screenShot -->
        <test-method status="PASS" signature="tearDown()[pri:0, instance:TBR.Regression_Testcases.AddNewClient@1e178745]" name="tearDown" is-config="true" duration-ms="18" started-at="2015-09-29T16:53:43Z" finished-at="2015-09-29T16:53:43Z">
          <reporter-output>
          </reporter-output>
        </test-method> <!-- tearDown -->
      </class> <!-- TBR.Regression_Testcases.AddNewClient -->
    </test> <!-- Default test -->
  </suite> <!-- Default suite -->
</testng-results>
