<?xml version="1.0" encoding="UTF-8"?>
<!-- Generated by org.testng.reporters.JUnitXMLReporter -->
<testsuite hostname="tempbuddy-HP" name="for Jobs-flow-match-Candidate-to-Job" tests="1" failures="1" timestamp="1 Dec 2015 16:12:36 GMT" time="126.155" errors="0">
  <testcase name="jobsFlowMatchCanidateToJob" time="126.151" classname="TBR.Regression_Testcases.JobsFlowMatchCandidateToJob">
    <failure type="java.lang.AssertionError" message="null">
      <![CDATA[java.lang.AssertionError: null
	at TBR.Regression_Testcases.JobsFlowMatchCandidateToJob.jobsFlowMatchCanidateToJob(JobsFlowMatchCandidateToJob.java:236)
... Removed 28 stack frames]]>
    </failure>
  </testcase> <!-- jobsFlowMatchCanidateToJob -->
</testsuite> <!-- for Jobs-flow-match-Candidate-to-Job -->
