<?xml version="1.0" encoding="UTF-8"?>
<!-- Generated by org.testng.reporters.JUnitXMLReporter -->
<testsuite hostname="tempbuddy-HP" name="for Jobs-flow-dont-match-save-Job-Change-Margin" tests="1" failures="1" timestamp="1 Dec 2015 16:08:14 GMT" time="52.441" errors="0">
  <testcase name="jobsFlowChangeMargin" time="52.438" classname="TBR.Regression_Testcases.JobsFlowDontMatchChangeMargin">
    <failure type="java.lang.AssertionError" message="expected [170.00] but found [169.96]">
      <![CDATA[java.lang.AssertionError: expected [170.00] but found [169.96]
	at TBR.Regression_Testcases.JobsFlowDontMatchChangeMargin.jobsFlowChangeMargin(JobsFlowDontMatchChangeMargin.java:134)
... Removed 30 stack frames]]>
    </failure>
  </testcase> <!-- jobsFlowChangeMargin -->
</testsuite> <!-- for Jobs-flow-dont-match-save-Job-Change-Margin -->
